\BOOKMARK [1][]{section.0.1}{Sum\341rio Executivo}{}% 1
\BOOKMARK [2][]{subsection.0.1.1}{Resumo}{section.0.1}% 2
\BOOKMARK [2][]{subsection.0.1.2}{Equipe}{section.0.1}% 3
\BOOKMARK [2][]{subsection.0.1.3}{Dados da empresa}{section.0.1}% 4
\BOOKMARK [2][]{subsection.0.1.4}{Miss\343o da empresa}{section.0.1}% 5
\BOOKMARK [2][]{subsection.0.1.5}{Setor de atividade}{section.0.1}% 6
\BOOKMARK [2][]{subsection.0.1.6}{Forma jur\355dica}{section.0.1}% 7
\BOOKMARK [2][]{subsection.0.1.7}{Enquadramento tribut\341rio}{section.0.1}% 8
\BOOKMARK [2][]{subsection.0.1.8}{Capital social}{section.0.1}% 9
\BOOKMARK [2][]{subsection.0.1.9}{Fonte de recurssos}{section.0.1}% 10
\BOOKMARK [1][]{section.0.2}{An\341lise de mercado}{}% 11
\BOOKMARK [2][]{subsection.0.2.1}{Estudo dos clientes}{section.0.2}% 12
\BOOKMARK [2][]{subsection.0.2.2}{Estudo dos concorrentes}{section.0.2}% 13
\BOOKMARK [2][]{subsection.0.2.3}{Estudo dos fornecedores}{section.0.2}% 14
\BOOKMARK [1][]{section.0.3}{Plano de marketing}{}% 15
\BOOKMARK [2][]{subsection.0.3.1}{Descri\347\343o dos principais produtos e servi\347os}{section.0.3}% 16
\BOOKMARK [2][]{subsection.0.3.2}{Pre\347o}{section.0.3}% 17
\BOOKMARK [2][]{subsection.0.3.3}{Estrat\351gias promocionais}{section.0.3}% 18
\BOOKMARK [1][]{section.0.4}{Plano operacional}{}% 19
\BOOKMARK [2][]{subsection.0.4.1}{Capacidade produtiva}{section.0.4}% 20
\BOOKMARK [2][]{subsection.0.4.2}{Processo operacional}{section.0.4}% 21
\BOOKMARK [2][]{subsection.0.4.3}{Necessidade de pessoal}{section.0.4}% 22
\BOOKMARK [1][]{section.0.5}{Plano financeiro}{}% 23
\BOOKMARK [2][]{subsection.0.5.1}{Capital de giro}{section.0.5}% 24
\BOOKMARK [2][]{subsection.0.5.2}{Investimento Pr\351-operacionais}{section.0.5}% 25
\BOOKMARK [2][]{subsection.0.5.3}{Investimento total}{section.0.5}% 26
\BOOKMARK [2][]{subsection.0.5.4}{Estimativa do faturamento mensal da empresa}{section.0.5}% 27
\BOOKMARK [2][]{subsection.0.5.5}{Estimativa dos custos de comercializa\347\343o}{section.0.5}% 28
\BOOKMARK [2][]{subsection.0.5.6}{Estimativa de custos fixos operacionais mensais}{section.0.5}% 29
\BOOKMARK [2][]{subsection.0.5.7}{Demonstrativo de resultados}{section.0.5}% 30
\BOOKMARK [2][]{subsection.0.5.8}{Indicadores de viabilidade}{section.0.5}% 31
\BOOKMARK [1][]{section.0.6}{Constru\347\343o de cen\341rios}{}% 32
\BOOKMARK [1][]{section.0.7}{Avalia\347\343o estrat\351gica}{}% 33
\BOOKMARK [2][]{subsection.0.7.1}{An\341lise da matriz F.O.F.A.}{section.0.7}% 34
